[0.766s] Invoking command in '/home/acy/ros2_ws/src/learning_tf2_py': DEBUGINFOD_URLS=https://debuginfod.ubuntu.com PYTHONPATH=/home/acy/ros2_ws/build/learning_tf2_py/prefix_override:/usr/lib/python3/dist-packages/colcon_core/task/python/colcon_distutils_commands:/home/acy/ros2_ws/install/learning_tf2_py/lib/python3.12/site-packages:${PYTHONPATH} /usr/bin/python3 -W ignore:setup.py install is deprecated setup.py egg_info --egg-base ../../build/learning_tf2_py build --build-base /home/acy/ros2_ws/build/learning_tf2_py/build install --record /home/acy/ros2_ws/build/learning_tf2_py/install.log --single-version-externally-managed install_data
[0.913s] running egg_info
[0.914s] creating ../../build/learning_tf2_py/learning_tf2_py.egg-info
[0.924s] writing ../../build/learning_tf2_py/learning_tf2_py.egg-info/PKG-INFO
[0.924s] writing dependency_links to ../../build/learning_tf2_py/learning_tf2_py.egg-info/dependency_links.txt
[0.924s] writing entry points to ../../build/learning_tf2_py/learning_tf2_py.egg-info/entry_points.txt
[0.924s] writing requirements to ../../build/learning_tf2_py/learning_tf2_py.egg-info/requires.txt
[0.924s] writing top-level names to ../../build/learning_tf2_py/learning_tf2_py.egg-info/top_level.txt
[0.924s] writing manifest file '../../build/learning_tf2_py/learning_tf2_py.egg-info/SOURCES.txt'
[0.944s] reading manifest file '../../build/learning_tf2_py/learning_tf2_py.egg-info/SOURCES.txt'
[0.944s] adding license file 'LICENSE'
[0.944s] writing manifest file '../../build/learning_tf2_py/learning_tf2_py.egg-info/SOURCES.txt'
[0.944s] running build
[0.944s] running build_py
[0.944s] creating /home/acy/ros2_ws/build/learning_tf2_py/build
[0.946s] creating /home/acy/ros2_ws/build/learning_tf2_py/build/lib
[0.946s] creating /home/acy/ros2_ws/build/learning_tf2_py/build/lib/learning_tf2_py
[0.947s] copying learning_tf2_py/__init__.py -> /home/acy/ros2_ws/build/learning_tf2_py/build/lib/learning_tf2_py
[0.947s] copying learning_tf2_py/turtle_tf2_broadcaster.py -> /home/acy/ros2_ws/build/learning_tf2_py/build/lib/learning_tf2_py
[0.947s] running install
[0.951s] running install_lib
[0.960s] creating /home/acy/ros2_ws/install/learning_tf2_py/lib/python3.12/site-packages/learning_tf2_py
[0.961s] copying /home/acy/ros2_ws/build/learning_tf2_py/build/lib/learning_tf2_py/__init__.py -> /home/acy/ros2_ws/install/learning_tf2_py/lib/python3.12/site-packages/learning_tf2_py
[0.961s] copying /home/acy/ros2_ws/build/learning_tf2_py/build/lib/learning_tf2_py/turtle_tf2_broadcaster.py -> /home/acy/ros2_ws/install/learning_tf2_py/lib/python3.12/site-packages/learning_tf2_py
[0.962s] byte-compiling /home/acy/ros2_ws/install/learning_tf2_py/lib/python3.12/site-packages/learning_tf2_py/__init__.py to __init__.cpython-312.pyc
[0.962s] byte-compiling /home/acy/ros2_ws/install/learning_tf2_py/lib/python3.12/site-packages/learning_tf2_py/turtle_tf2_broadcaster.py to turtle_tf2_broadcaster.cpython-312.pyc
[0.963s] running install_data
[0.963s] creating /home/acy/ros2_ws/install/learning_tf2_py/share/ament_index
[0.963s] creating /home/acy/ros2_ws/install/learning_tf2_py/share/ament_index/resource_index
[0.964s] creating /home/acy/ros2_ws/install/learning_tf2_py/share/ament_index/resource_index/packages
[0.964s] copying resource/learning_tf2_py -> /home/acy/ros2_ws/install/learning_tf2_py/share/ament_index/resource_index/packages
[0.965s] copying package.xml -> /home/acy/ros2_ws/install/learning_tf2_py/share/learning_tf2_py
[0.965s] creating /home/acy/ros2_ws/install/learning_tf2_py/share/learning_tf2_py/launch
[0.965s] copying launch/turtle_tf2_demo_launch.py -> /home/acy/ros2_ws/install/learning_tf2_py/share/learning_tf2_py/launch
[0.965s] running install_egg_info
[0.975s] Copying ../../build/learning_tf2_py/learning_tf2_py.egg-info to /home/acy/ros2_ws/install/learning_tf2_py/lib/python3.12/site-packages/learning_tf2_py-0.0.0-py3.12.egg-info
[0.975s] running install_scripts
[1.048s] Installing turtle_tf2_broadcaster script to /home/acy/ros2_ws/install/learning_tf2_py/lib/learning_tf2_py
[1.048s] writing list of installed files to '/home/acy/ros2_ws/build/learning_tf2_py/install.log'
[1.066s] Invoked command in '/home/acy/ros2_ws/src/learning_tf2_py' returned '0': DEBUGINFOD_URLS=https://debuginfod.ubuntu.com PYTHONPATH=/home/acy/ros2_ws/build/learning_tf2_py/prefix_override:/usr/lib/python3/dist-packages/colcon_core/task/python/colcon_distutils_commands:/home/acy/ros2_ws/install/learning_tf2_py/lib/python3.12/site-packages:${PYTHONPATH} /usr/bin/python3 -W ignore:setup.py install is deprecated setup.py egg_info --egg-base ../../build/learning_tf2_py build --build-base /home/acy/ros2_ws/build/learning_tf2_py/build install --record /home/acy/ros2_ws/build/learning_tf2_py/install.log --single-version-externally-managed install_data
